{
  "stats": {
    "suites": 1,
    "tests": 3,
    "passes": 2,
    "pending": 0,
    "failures": 1,
    "start": "2021-06-18T16:15:44.186Z",
    "end": "2021-06-18T16:16:06.904Z",
    "duration": 22718,
    "testsRegistered": 3,
    "passPercent": 66.66666666666666,
    "pendingPercent": 0,
    "other": 0,
    "hasOther": false,
    "skipped": 0,
    "hasSkipped": false
  },
  "results": [
    {
      "uuid": "92c67807-7e33-446a-b7f7-ef73f5308fac",
      "title": "",
      "fullFile": "cypress/integration/2.spec.js",
      "file": "cypress/integration/2.spec.js",
      "beforeHooks": [],
      "afterHooks": [],
      "tests": [],
      "suites": [
        {
          "uuid": "fc9b46f9-5064-4e18-a344-3bbbbfc9c7b9",
          "title": "Teste Fleury",
          "fullFile": "",
          "file": "",
          "beforeHooks": [],
          "afterHooks": [],
          "tests": [
            {
              "title": "Acessar o site e clicar na opção Nossas Unidades",
              "fullTitle": "Teste Fleury Acessar o site e clicar na opção Nossas Unidades",
              "timedOut": null,
              "duration": 8180,
              "state": "passed",
              "speed": "slow",
              "pass": true,
              "fail": false,
              "pending": false,
              "context": null,
              "code": "//cy.viewport(1366,766); // Altero a resolução da página para um formato melhor visualizado\ncy.visit(\"www.fleury.com.br/\"); // Acesso o site\ncy.wait(2000); // Tempo para carregar a página completamente\ncy.get(':nth-child(16) > #button-title-desktop-header > .buttoncomponentstyle__ButtonContentStyled-sc-11us3l0-3').click({\n  force: true\n}); // Clico em Nossas Unidades\n//cy.wait(2000);\n//cy.viewport(1366,766);",
              "err": {},
              "uuid": "fb257525-1886-49b2-a2de-5d518f7408ed",
              "parentUUID": "fc9b46f9-5064-4e18-a344-3bbbbfc9c7b9",
              "isHook": false,
              "skipped": false
            },
            {
              "title": "Selecionar duas facilidades e clicar em detalhes da unidade",
              "fullTitle": "Teste Fleury Selecionar duas facilidades e clicar em detalhes da unidade",
              "timedOut": null,
              "duration": 131,
              "state": "passed",
              "speed": "slow",
              "pass": true,
              "fail": false,
              "pending": false,
              "context": null,
              "code": "//cy.get('.checkbox-selectcomponentstyle__CheckboxSelectPlaceholderStyled-sc-7ktrvg-2', { timeout: 10000 }).should('be.visible');  \n//cy.get('.checkbox-selectcomponentstyle__CheckboxSelectPlaceholderStyled-sc-7ktrvg-2').click(); // Clico para selecionar as facilidades      \ncy.get('.checkbox-selectcomponentstyle__CheckboxSelectPlaceholderStyled-sc-7ktrvg-2').click(); //cy.viewport(1366,766);\ncy.wait(2000); //cy.get(':nth-child(4) > .fa-check-square').click(); // Clico na facilidade Próximo ao metrô\ncy.get(':nth-child(4) > .fa-check-square > path').click();\ncy.get(':nth-child(5) > .fa-check-square > path').click(); //cy.get(':nth-child(5) > .fa-check-square').click(); // Clico na facilidade Bicicletário e vaga verde \ncy.get('#button-see-on-map-2-heitor-penteado > .buttoncomponentstyle__ButtonContentStyled-sc-11us3l0-3').click(); // Entro em mais detalhes",
              "err": {},
              "uuid": "2aeff6f1-8b99-40c2-8abb-663b9a56893d",
              "parentUUID": "fc9b46f9-5064-4e18-a344-3bbbbfc9c7b9",
              "isHook": false,
              "skipped": false
            },
            {
              "title": "Validação do nome da unidade",
              "fullTitle": "Teste Fleury Validação do nome da unidade",
              "timedOut": null,
              "duration": 10534,
              "state": "failed",
              "speed": null,
              "pass": false,
              "fail": true,
              "pending": false,
              "context": null,
              "code": "//cy.viewport(1366,766);\n//cy.wait(4000);\ncy.get('.typographycomponentstyle__H1-sc-1oox73n-1').should('have.text', 'Heitor Penteado'); // Valido que o nome da unidade é o mesmo que apareceu na busca feita",
              "err": {
                "message": "Error: EPERM: operation not permitted, open 'C:\\Users\\Reinaldo\\Desktop\\Cypress\\cypress\\screenshots\\2.spec.js\\Teste Fleury -- Validação do nome da unidade (failed).png'",
                "estack": "Error: EPERM: operation not permitted, open 'C:\\Users\\Reinaldo\\Desktop\\Cypress\\cypress\\screenshots\\2.spec.js\\Teste Fleury -- Validação do nome da unidade (failed).png'\n\n",
                "diff": null
              },
              "uuid": "0e06ee54-77a5-4d22-b768-0547eeae4ed7",
              "parentUUID": "fc9b46f9-5064-4e18-a344-3bbbbfc9c7b9",
              "isHook": false,
              "skipped": false
            }
          ],
          "suites": [],
          "passes": [
            "fb257525-1886-49b2-a2de-5d518f7408ed",
            "2aeff6f1-8b99-40c2-8abb-663b9a56893d"
          ],
          "failures": [
            "0e06ee54-77a5-4d22-b768-0547eeae4ed7"
          ],
          "pending": [],
          "skipped": [],
          "duration": 18845,
          "root": false,
          "rootEmpty": false,
          "_timeout": 2000
        }
      ],
      "passes": [],
      "failures": [],
      "pending": [],
      "skipped": [],
      "duration": 0,
      "root": true,
      "rootEmpty": true,
      "_timeout": 2000
    }
  ],
  "meta": {
    "mocha": {
      "version": "7.0.1"
    },
    "mochawesome": {
      "options": {
        "quiet": false,
        "reportFilename": "mochawesome",
        "saveHtml": false,
        "saveJson": true,
        "consoleReporter": "spec",
        "useInlineDiffs": false,
        "code": true
      },
      "version": "6.2.2"
    },
    "marge": {
      "options": {
        "reportDir": "cypress\\reports\\.jsons",
        "charts": true,
        "reportPageTitle": "My Test Suite",
        "embeddedScreenshots": true,
        "inlineAssets": true,
        "overwrite": false,
        "html": false,
        "json": true
      },
      "version": "5.2.0"
    }
  }
}