{
  "stats": {
    "suites": 1,
    "tests": 3,
    "passes": 2,
    "pending": 0,
    "failures": 1,
    "start": "2021-06-18T16:21:40.833Z",
    "end": "2021-06-18T16:21:53.560Z",
    "duration": 12727,
    "testsRegistered": 3,
    "passPercent": 66.66666666666666,
    "pendingPercent": 0,
    "other": 0,
    "hasOther": false,
    "skipped": 0,
    "hasSkipped": false
  },
  "results": [
    {
      "uuid": "abf713b5-4c25-4112-af51-2544a9bdc676",
      "title": "",
      "fullFile": "cypress/integration/Teste.spec.js",
      "file": "cypress/integration/Teste.spec.js",
      "beforeHooks": [],
      "afterHooks": [],
      "tests": [],
      "suites": [
        {
          "uuid": "9cdbf57c-dc5d-47c5-948f-414214b30d70",
          "title": "Teste Fleury",
          "fullFile": "",
          "file": "",
          "beforeHooks": [],
          "afterHooks": [],
          "tests": [
            {
              "title": "Acessar o site e clicar na opção Nossas Unidades",
              "fullTitle": "Teste Fleury Acessar o site e clicar na opção Nossas Unidades",
              "timedOut": null,
              "duration": 5049,
              "state": "failed",
              "speed": null,
              "pass": false,
              "fail": true,
              "pending": false,
              "context": null,
              "code": "cy.viewport(1366, 766); // Altero a resolução da página para um formato melhor visualizado\ncy.visit(\"www.fleury.com.br/\"); // Acesso o site\ncy.wait(2000); // Tempo para carregar a página completamente\ncy.get(':nth-child(16) > #button-title-desktop-header > .buttoncomponentstyle__ButtonContentStyled-sc-11us3l0-3').click({\n  force: true\n}); // Clico em Nossas Unidades\ncy.wait(2000);\ncy.viewport(1366, 766);",
              "err": {
                "message": "Error: EPERM: operation not permitted, open 'C:\\Users\\Reinaldo\\Desktop\\Cypress\\cypress\\screenshots\\Teste.spec.js\\Teste Fleury -- Acessar o site e clicar na opção Nossas Unidades (failed).png'",
                "estack": "Error: EPERM: operation not permitted, open 'C:\\Users\\Reinaldo\\Desktop\\Cypress\\cypress\\screenshots\\Teste.spec.js\\Teste Fleury -- Acessar o site e clicar na opção Nossas Unidades (failed).png'\n\n",
                "diff": null
              },
              "uuid": "bde94650-b6f8-46cc-9f9f-0e36b2b18550",
              "parentUUID": "9cdbf57c-dc5d-47c5-948f-414214b30d70",
              "isHook": false,
              "skipped": false
            },
            {
              "title": "Selecionar duas facilidades e clicar em detalhes da unidade",
              "fullTitle": "Teste Fleury Selecionar duas facilidades e clicar em detalhes da unidade",
              "timedOut": null,
              "duration": 3194,
              "state": "passed",
              "speed": "slow",
              "pass": true,
              "fail": false,
              "pending": false,
              "context": null,
              "code": "cy.get('.checkbox-selectcomponentstyle__CheckboxSelectPlaceholderStyled-sc-7ktrvg-2').click(); // Clico para selecionar as facilidades      \ncy.viewport(1366, 766);\ncy.wait(2000);\ncy.get(':nth-child(4) > .fa-check-square').click(); // Clico na facilidade Próximo ao metrô\ncy.get(':nth-child(5) > .fa-check-square').click(); // Clico na facilidade Bicicletário e vaga verde \ncy.get('#button-see-on-map-2-heitor-penteado > .buttoncomponentstyle__ButtonContentStyled-sc-11us3l0-3').click(); // Entro em mais detalhes",
              "err": {},
              "uuid": "c8a0acaf-2be7-43aa-a22c-74b6985c4ec7",
              "parentUUID": "9cdbf57c-dc5d-47c5-948f-414214b30d70",
              "isHook": false,
              "skipped": false
            },
            {
              "title": "Validação do nome da unidade",
              "fullTitle": "Teste Fleury Validação do nome da unidade",
              "timedOut": null,
              "duration": 2138,
              "state": "passed",
              "speed": "slow",
              "pass": true,
              "fail": false,
              "pending": false,
              "context": null,
              "code": "cy.viewport(1366, 766);\ncy.wait(2000);\ncy.get('.typographycomponentstyle__H1-sc-1oox73n-1').should('have.text', 'Heitor Penteado'); // Valido que o nome da unidade é o mesmo que apareceu na busca feita",
              "err": {},
              "uuid": "cd841a13-6b19-48ae-86dd-de29b1ccd28b",
              "parentUUID": "9cdbf57c-dc5d-47c5-948f-414214b30d70",
              "isHook": false,
              "skipped": false
            }
          ],
          "suites": [],
          "passes": [
            "c8a0acaf-2be7-43aa-a22c-74b6985c4ec7",
            "cd841a13-6b19-48ae-86dd-de29b1ccd28b"
          ],
          "failures": [
            "bde94650-b6f8-46cc-9f9f-0e36b2b18550"
          ],
          "pending": [],
          "skipped": [],
          "duration": 10381,
          "root": false,
          "rootEmpty": false,
          "_timeout": 2000
        }
      ],
      "passes": [],
      "failures": [],
      "pending": [],
      "skipped": [],
      "duration": 0,
      "root": true,
      "rootEmpty": true,
      "_timeout": 2000
    }
  ],
  "meta": {
    "mocha": {
      "version": "7.0.1"
    },
    "mochawesome": {
      "options": {
        "quiet": false,
        "reportFilename": "mochawesome",
        "saveHtml": false,
        "saveJson": true,
        "consoleReporter": "spec",
        "useInlineDiffs": false,
        "code": true
      },
      "version": "6.2.2"
    },
    "marge": {
      "options": {
        "reportDir": "cypress\\reports\\.jsons",
        "charts": true,
        "reportPageTitle": "My Test Suite",
        "embeddedScreenshots": true,
        "inlineAssets": true,
        "overwrite": false,
        "html": false,
        "json": true
      },
      "version": "5.2.0"
    }
  }
}