{
  "stats": {
    "suites": 1,
    "tests": 3,
    "passes": 2,
    "pending": 0,
    "failures": 1,
    "start": "2021-06-18T16:24:16.775Z",
    "end": "2021-06-18T16:24:31.553Z",
    "duration": 14778,
    "testsRegistered": 3,
    "passPercent": 66.66666666666666,
    "pendingPercent": 0,
    "other": 0,
    "hasOther": false,
    "skipped": 0,
    "hasSkipped": false
  },
  "results": [
    {
      "uuid": "579bf083-cb92-4b03-a1fb-0bacef44be80",
      "title": "",
      "fullFile": "cypress/integration/Teste.spec.js",
      "file": "cypress/integration/Teste.spec.js",
      "beforeHooks": [],
      "afterHooks": [],
      "tests": [],
      "suites": [
        {
          "uuid": "69ea55b8-119c-4425-bf85-302b51049a90",
          "title": "Teste Fleury",
          "fullFile": "",
          "file": "",
          "beforeHooks": [],
          "afterHooks": [],
          "tests": [
            {
              "title": "Acessar o site e clicar na opção Nossas Unidades",
              "fullTitle": "Teste Fleury Acessar o site e clicar na opção Nossas Unidades",
              "timedOut": null,
              "duration": 5753,
              "state": "failed",
              "speed": null,
              "pass": false,
              "fail": true,
              "pending": false,
              "context": null,
              "code": "cy.viewport(1366, 766); // Altero a resolução da página para um formato melhor visualizado\ncy.visit(\"www.fleury.com.br/\"); // Acesso o site\ncy.wait(2000); // Tempo para carregar a página completamente\ncy.get(':nth-child(16) > #button-title-desktop-header > .buttoncomponentstyle__ButtonContentStyled-sc-11us3l0-3').click({\n  force: true\n}); // Clico em Nossas Unidades\ncy.wait(2000);\ncy.viewport(1366, 766);",
              "err": {
                "message": "Error: EPERM: operation not permitted, open 'C:\\Users\\Reinaldo\\Desktop\\Cypress\\cypress\\screenshots\\Teste.spec.js\\Teste Fleury -- Acessar o site e clicar na opção Nossas Unidades (failed).png'",
                "estack": "Error: EPERM: operation not permitted, open 'C:\\Users\\Reinaldo\\Desktop\\Cypress\\cypress\\screenshots\\Teste.spec.js\\Teste Fleury -- Acessar o site e clicar na opção Nossas Unidades (failed).png'\n\n",
                "diff": null
              },
              "uuid": "89948225-7951-495c-974e-72b89e15b327",
              "parentUUID": "69ea55b8-119c-4425-bf85-302b51049a90",
              "isHook": false,
              "skipped": false
            },
            {
              "title": "Selecionar duas facilidades e clicar em detalhes da unidade",
              "fullTitle": "Teste Fleury Selecionar duas facilidades e clicar em detalhes da unidade",
              "timedOut": null,
              "duration": 3304,
              "state": "passed",
              "speed": "slow",
              "pass": true,
              "fail": false,
              "pending": false,
              "context": null,
              "code": "cy.get('.checkbox-selectcomponentstyle__CheckboxSelectPlaceholderStyled-sc-7ktrvg-2').click(); // Clico para selecionar as facilidades      \ncy.viewport(1366, 766);\ncy.wait(2000);\ncy.get(':nth-child(4) > .fa-check-square').click(); // Clico na facilidade Próximo ao metrô\ncy.get(':nth-child(5) > .fa-check-square').click(); // Clico na facilidade Bicicletário e vaga verde \ncy.get('#button-see-on-map-2-heitor-penteado > .buttoncomponentstyle__ButtonContentStyled-sc-11us3l0-3').click(); // Entro em mais detalhes",
              "err": {},
              "uuid": "d6c8ee31-baa0-486a-b452-7e93c7a63328",
              "parentUUID": "69ea55b8-119c-4425-bf85-302b51049a90",
              "isHook": false,
              "skipped": false
            },
            {
              "title": "Validação do nome da unidade",
              "fullTitle": "Teste Fleury Validação do nome da unidade",
              "timedOut": null,
              "duration": 2127,
              "state": "passed",
              "speed": "slow",
              "pass": true,
              "fail": false,
              "pending": false,
              "context": null,
              "code": "cy.viewport(1366, 766);\ncy.wait(2000);\ncy.get('.typographycomponentstyle__H1-sc-1oox73n-1').should('have.text', 'Heitor Penteado'); // Valido que o nome da unidade é o mesmo que apareceu na busca feita",
              "err": {},
              "uuid": "c11114d5-ffa1-49f6-90ac-b458301c4f49",
              "parentUUID": "69ea55b8-119c-4425-bf85-302b51049a90",
              "isHook": false,
              "skipped": false
            }
          ],
          "suites": [],
          "passes": [
            "d6c8ee31-baa0-486a-b452-7e93c7a63328",
            "c11114d5-ffa1-49f6-90ac-b458301c4f49"
          ],
          "failures": [
            "89948225-7951-495c-974e-72b89e15b327"
          ],
          "pending": [],
          "skipped": [],
          "duration": 11184,
          "root": false,
          "rootEmpty": false,
          "_timeout": 2000
        }
      ],
      "passes": [],
      "failures": [],
      "pending": [],
      "skipped": [],
      "duration": 0,
      "root": true,
      "rootEmpty": true,
      "_timeout": 2000
    }
  ],
  "meta": {
    "mocha": {
      "version": "7.0.1"
    },
    "mochawesome": {
      "options": {
        "quiet": false,
        "reportFilename": "mochawesome",
        "saveHtml": false,
        "saveJson": true,
        "consoleReporter": "spec",
        "useInlineDiffs": false,
        "code": true
      },
      "version": "6.2.2"
    },
    "marge": {
      "options": {
        "reportDir": "cypress\\reports\\.jsons",
        "charts": true,
        "reportPageTitle": "My Test Suite",
        "embeddedScreenshots": true,
        "inlineAssets": true,
        "overwrite": false,
        "html": false,
        "json": true
      },
      "version": "5.2.0"
    }
  }
}